# JRE version: Java(TM) SE Runtime Environment (8.0_241-b07) (build 1.8.0_241-b07)
# Java VM: Java HotSpot(TM) 64-Bit Server VM (25.241-b07 mixed mode windows-amd64 compressed oops)
Heap:
 PSYoungGen      total 222208K, used 130590K [0x00000000e0000000, 0x00000000f2700000, 0x0000000100000000)
  eden space 184320K, 50% used [0x00000000e0000000,0x00000000e5a8a568,0x00000000eb400000)
  from space 37888K, 99% used [0x00000000ee500000,0x00000000f09fd558,0x00000000f0a00000)
  to   space 50176K, 0% used [0x00000000eb400000,0x00000000eb400000,0x00000000ee500000)
 ParOldGen       total 181248K, used 125261K [0x00000000a0000000, 0x00000000ab100000, 0x00000000e0000000)
  object space 181248K, 69% used [0x00000000a0000000,0x00000000a7a534e0,0x00000000ab100000)
 Metaspace       used 92480K, capacity 95766K, committed 96000K, reserved 1132544K
  class space    used 11919K, capacity 12689K, committed 12800K, reserved 1048576K
GC Heap History (10 events):
Event: 50.198 GC heap before
{Heap before GC invocations=15 (full 3):
 PSYoungGen      total 174592K, used 165563K [0x00000000e0000000, 0x00000000eda80000, 0x0000000100000000)
  eden space 150528K, 100% used [0x00000000e0000000,0x00000000e9300000,0x00000000e9300000)
  from space 24064K, 62% used [0x00000000e9300000,0x00000000ea1aee60,0x00000000eaa80000)
  to   space 24064K, 0% used [0x00000000ec300000,0x00000000ec300000,0x00000000eda80000)
 ParOldGen       total 181248K, used 46101K [0x00000000a0000000, 0x00000000ab100000, 0x00000000e0000000)
  object space 181248K, 25% used [0x00000000a0000000,0x00000000a2d05760,0x00000000ab100000)
 Metaspace       used 73849K, capacity 76210K, committed 76544K, reserved 1116160K
  class space    used 9779K, capacity 10371K, committed 10496K, reserved 1048576K
Event: 50.216 GC heap after
Heap after GC invocations=15 (full 3):
 PSYoungGen      total 195072K, used 23304K [0x00000000e0000000, 0x00000000edc00000, 0x0000000100000000)
  eden space 171008K, 0% used [0x00000000e0000000,0x00000000e0000000,0x00000000ea700000)
  from space 24064K, 96% used [0x00000000ec300000,0x00000000ed9c20a0,0x00000000eda80000)
  to   space 27136K, 0% used [0x00000000ea700000,0x00000000ea700000,0x00000000ec180000)
 ParOldGen       total 181248K, used 46109K [0x00000000a0000000, 0x00000000ab100000, 0x00000000e0000000)
  object space 181248K, 25% used [0x00000000a0000000,0x00000000a2d07760,0x00000000ab100000)
 Metaspace       used 73849K, capacity 76210K, committed 76544K, reserved 1116160K
  class space    used 9779K, capacity 10371K, committed 10496K, reserved 1048576K
}
Event: 54.119 GC heap before
{Heap before GC invocations=16 (full 3):
 PSYoungGen      total 195072K, used 194312K [0x00000000e0000000, 0x00000000edc00000, 0x0000000100000000)
  eden space 171008K, 100% used [0x00000000e0000000,0x00000000ea700000,0x00000000ea700000)
  from space 24064K, 96% used [0x00000000ec300000,0x00000000ed9c20a0,0x00000000eda80000)
  to   space 27136K, 0% used [0x00000000ea700000,0x00000000ea700000,0x00000000ec180000)
 ParOldGen       total 181248K, used 46109K [0x00000000a0000000, 0x00000000ab100000, 0x00000000e0000000)
  object space 181248K, 25% used [0x00000000a0000000,0x00000000a2d07760,0x00000000ab100000)
 Metaspace       used 80988K, capacity 83386K, committed 83712K, reserved 1122304K
  class space    used 10578K, capacity 11157K, committed 11264K, reserved 1048576K
Event: 54.177 GC heap after
Heap after GC invocations=16 (full 3):
 PSYoungGen      total 198144K, used 27106K [0x00000000e0000000, 0x00000000f0a00000, 0x0000000100000000)
  eden space 171008K, 0% used [0x00000000e0000000,0x00000000e0000000,0x00000000ea700000)
  from space 27136K, 99% used [0x00000000ea700000,0x00000000ec178b68,0x00000000ec180000)
  to   space 37888K, 0% used [0x00000000ee500000,0x00000000ee500000,0x00000000f0a00000)
 ParOldGen       total 181248K, used 64527K [0x00000000a0000000, 0x00000000ab100000, 0x00000000e0000000)
  object space 181248K, 35% used [0x00000000a0000000,0x00000000a3f03da8,0x00000000ab100000)
 Metaspace       used 80988K, capacity 83386K, committed 83712K, reserved 1122304K
  class space    used 10578K, capacity 11157K, committed 11264K, reserved 1048576K
}
Event: 56.043 GC heap before
{Heap before GC invocations=17 (full 3):
 PSYoungGen      total 198144K, used 198114K [0x00000000e0000000, 0x00000000f0a00000, 0x0000000100000000)
  eden space 171008K, 100% used [0x00000000e0000000,0x00000000ea700000,0x00000000ea700000)
  from space 27136K, 99% used [0x00000000ea700000,0x00000000ec178b68,0x00000000ec180000)
  to   space 37888K, 0% used [0x00000000ee500000,0x00000000ee500000,0x00000000f0a00000)
 ParOldGen       total 181248K, used 64527K [0x00000000a0000000, 0x00000000ab100000, 0x00000000e0000000)
  object space 181248K, 35% used [0x00000000a0000000,0x00000000a3f03da8,0x00000000ab100000)
 Metaspace       used 82638K, capacity 85114K, committed 85376K, reserved 1124352K
  class space    used 10693K, capacity 11285K, committed 11392K, reserved 1048576K
Event: 56.088 GC heap after
Heap after GC invocations=17 (full 3):
 PSYoungGen      total 222208K, used 37878K [0x00000000e0000000, 0x00000000f2700000, 0x0000000100000000)
  eden space 184320K, 0% used [0x00000000e0000000,0x00000000e0000000,0x00000000eb400000)
  from space 37888K, 99% used [0x00000000ee500000,0x00000000f09fd8a0,0x00000000f0a00000)
  to   space 50176K, 0% used [0x00000000eb400000,0x00000000eb400000,0x00000000ee500000)
 ParOldGen       total 181248K, used 82310K [0x00000000a0000000, 0x00000000ab100000, 0x00000000e0000000)
  object space 181248K, 45% used [0x00000000a0000000,0x00000000a50618b8,0x00000000ab100000)
 Metaspace       used 82638K, capacity 85114K, committed 85376K, reserved 1124352K
  class space    used 10693K, capacity 11285K, committed 11392K, reserved 1048576K
}
Event: 59.341 GC heap before
{Heap before GC invocations=18 (full 3):
 PSYoungGen      total 222208K, used 222198K [0x00000000e0000000, 0x00000000f2700000, 0x0000000100000000)
  eden space 184320K, 100% used [0x00000000e0000000,0x00000000eb400000,0x00000000eb400000)
  from space 37888K, 99% used [0x00000000ee500000,0x00000000f09fd8a0,0x00000000f0a00000)
  to   space 50176K, 0% used [0x00000000eb400000,0x00000000eb400000,0x00000000ee500000)
 ParOldGen       total 181248K, used 82310K [0x00000000a0000000, 0x00000000ab100000, 0x00000000e0000000)
  object space 181248K, 45% used [0x00000000a0000000,0x00000000a50618b8,0x00000000ab100000)
 Metaspace       used 83943K, capacity 86388K, committed 86528K, reserved 1124352K
  class space    used 10822K, capacity 11478K, committed 11520K, reserved 1048576K
Event: 59.423 GC heap after
Heap after GC invocations=18 (full 3):
 PSYoungGen      total 234496K, used 50167K [0x00000000e0000000, 0x00000000f2700000, 0x0000000100000000)
  eden space 184320K, 0% used [0x00000000e0000000,0x00000000e0000000,0x00000000eb400000)
  from space 50176K, 99% used [0x00000000eb400000,0x00000000ee4fdcc8,0x00000000ee500000)
  to   space 37888K, 0% used [0x00000000ee500000,0x00000000ee500000,0x00000000f0a00000)
 ParOldGen       total 181248K, used 96953K [0x00000000a0000000, 0x00000000ab100000, 0x00000000e0000000)
  object space 181248K, 53% used [0x00000000a0000000,0x00000000a5eae600,0x00000000ab100000)
 Metaspace       used 83943K, capacity 86388K, committed 86528K, reserved 1124352K
  class space    used 10822K, capacity 11478K, committed 11520K, reserved 1048576K
}
Event: 60.630 GC heap before
{Heap before GC invocations=19 (full 3):
 PSYoungGen      total 234496K, used 234487K [0x00000000e0000000, 0x00000000f2700000, 0x0000000100000000)
  eden space 184320K, 100% used [0x00000000e0000000,0x00000000eb400000,0x00000000eb400000)
  from space 50176K, 99% used [0x00000000eb400000,0x00000000ee4fdcc8,0x00000000ee500000)
  to   space 37888K, 0% used [0x00000000ee500000,0x00000000ee500000,0x00000000f0a00000)
 ParOldGen       total 181248K, used 96953K [0x00000000a0000000, 0x00000000ab100000, 0x00000000e0000000)
  object space 181248K, 53% used [0x00000000a0000000,0x00000000a5eae600,0x00000000ab100000)
 Metaspace       used 84289K, capacity 86804K, committed 87168K, reserved 1124352K
  class space    used 10870K, capacity 11526K, committed 11648K, reserved 1048576K
Event: 60.674 GC heap after
Heap after GC invocations=19 (full 3):
 PSYoungGen      total 222208K, used 37877K [0x00000000e0000000, 0x00000000f2700000, 0x0000000100000000)
  eden space 184320K, 0% used [0x00000000e0000000,0x00000000e0000000,0x00000000eb400000)
  from space 37888K, 99% used [0x00000000ee500000,0x00000000f09fd558,0x00000000f0a00000)
  to   space 50176K, 0% used [0x00000000eb400000,0x00000000eb400000,0x00000000ee500000)
 ParOldGen       total 181248K, used 125261K [0x00000000a0000000, 0x00000000ab100000, 0x00000000e0000000)
  object space 181248K, 69% used [0x00000000a0000000,0x00000000a7a534e0,0x00000000ab100000)
 Metaspace       used 84289K, capacity 86804K, committed 87168K, reserved 1124352K
  class space    used 10870K, capacity 11526K, committed 11648K, reserved 1048576K
}

